!SESSION 2023-05-22 11:02:45.482 -----------------------------------------------
eclipse.buildId=4.27.0.20230309-1200
java.version=17.0.6
java.vendor=Oracle Corporation
BootLoader constants: OS=win32, ARCH=x86_64, WS=win32, NL=pt_BR
Framework arguments:  -product org.eclipse.epp.package.jee.product
Command-line arguments:  -os win32 -ws win32 -arch x86_64 -product org.eclipse.epp.package.jee.product

!ENTRY ch.qos.logback.classic 1 0 2023-05-22 11:02:46.684
!MESSAGE Activated before the state location was initialized. Retry after the state location is initialized.

!ENTRY ch.qos.logback.classic 1 0 2023-05-22 11:03:21.519
!MESSAGE Logback config file: D:\documents\PROGRAMAÇÃO!\CursodeJava\NelioAlves\JAVA\8.Topicos especiais em java.dat-hora\.metadata\.plugins\org.eclipse.m2e.logback\logback.2.1.100.20230106-1511.xml

!ENTRY org.eclipse.ui 2 0 2023-05-22 11:03:22.462
!MESSAGE Warnings while parsing the images from the 'org.eclipse.ui.commandImages' extension point.
!SUBENTRY 1 org.eclipse.ui 2 0 2023-05-22 11:03:22.462
!MESSAGE Cannot bind to an undefined command: plug-in='com.genuitec.eclipse.theming.ui', id='com.genuitec.myeclipse.help.darktheme.commandid'

!ENTRY com.genuitec.eclipse.theming.ui 1 0 2023-05-22 11:03:22.965
!MESSAGE A DevStyle Theme is being activated on this workspace; preparing colors and configuration

!ENTRY com.genuitec.eclipse.theming.ui 1 0 2023-05-22 11:03:22.981
!MESSAGE DevStyle has archived current color configurations to alternate preferences - will be restored when switching out of the DevStyle Theme

!ENTRY org.eclipse.jface 2 0 2023-05-22 11:03:23.594
!MESSAGE Keybinding conflicts occurred.  They may interfere with normal accelerator operation.
!SUBENTRY 1 org.eclipse.jface 2 0 2023-05-22 11:03:23.594
!MESSAGE A conflict occurred for CTRL+SHIFT+T:
Binding(CTRL+SHIFT+T,
	ParameterizedCommand(Command(org.eclipse.jdt.ui.navigate.open.type,Open Type,
		Open a type in a Java editor,
		Category(org.eclipse.ui.category.navigate,Navigate,null,true),
		WorkbenchHandlerServiceHandler("org.eclipse.jdt.ui.navigate.open.type"),
		,,true),null),
	org.eclipse.ui.defaultAcceleratorConfiguration,
	org.eclipse.ui.contexts.window,,,system)
Binding(CTRL+SHIFT+T,
	ParameterizedCommand(Command(org.eclipse.lsp4e.symbolinworkspace,Go to Symbol in Workspace,
		,
		Category(org.eclipse.lsp4e.category,Language Servers,null,true),
		WorkbenchHandlerServiceHandler("org.eclipse.lsp4e.symbolinworkspace"),
		,,true),null),
	org.eclipse.ui.defaultAcceleratorConfiguration,
	org.eclipse.ui.contexts.window,,,system)
!SUBENTRY 1 org.eclipse.jface 2 0 2023-05-22 11:03:23.594
!MESSAGE A conflict occurred for ALT+SHIFT+R:
Binding(ALT+SHIFT+R,
	ParameterizedCommand(Command(org.eclipse.jdt.ui.edit.text.java.rename.element,Rename - Refactoring ,
		Rename the selected element,
		Category(org.eclipse.jdt.ui.category.refactoring,Refactor - Java,Java Refactoring Actions,true),
		WorkbenchHandlerServiceHandler("org.eclipse.jdt.ui.edit.text.java.rename.element"),
		,,true),null),
	org.eclipse.ui.defaultAcceleratorConfiguration,
	org.eclipse.ui.contexts.window,,,system)
Binding(ALT+SHIFT+R,
	ParameterizedCommand(Command(org.eclipse.ui.edit.rename,Rename,
		Rename the selected item,
		Category(org.eclipse.ui.category.file,File,null,true),
		WorkbenchHandlerServiceHandler("org.eclipse.ui.edit.rename"),
		,,true),null),
	org.eclipse.ui.defaultAcceleratorConfiguration,
	org.eclipse.ui.contexts.window,,,system)

!ENTRY org.eclipse.egit.ui 2 0 2023-05-22 11:03:26.911
!MESSAGE Warning: The environment variable HOME is not set. The following directory will be used to store the Git
user global configuration and to define the default location to store repositories: 'C:\Users\dougl'. If this is
not correct please set the HOME environment variable and restart Eclipse. Otherwise Git for Windows and
EGit might behave differently since they see different configuration options.
This warning can be switched off on the Team > Git > Confirmations and Warnings preference page.

!ENTRY org.eclipse.equinox.p2.repository 2 0 2023-05-22 11:10:39.379
!MESSAGE Using unsafe http transport to retrieve http://download.eclipse.org/usssdk/updates/release/latest, see CVE-2021-41033. Consider using https instead.

!ENTRY org.eclipse.equinox.p2.repository 2 0 2023-05-22 11:10:40.430
!MESSAGE Using unsafe http transport to retrieve http://download.eclipse.org/usssdk/drops/release/1.2.2/content.xml.xz, see CVE-2021-41033. Consider using https instead.

!ENTRY org.eclipse.equinox.p2.repository 2 0 2023-05-22 11:10:48.505
!MESSAGE Using unsafe http transport to retrieve http://downloads.genuitec.com/downloads/products/codetogether/updates/ct20230419/content.xml.xz, see CVE-2021-41033. Consider using https instead.

!ENTRY org.eclipse.equinox.p2.repository 2 0 2023-05-22 12:04:50.840
!MESSAGE Using unsafe http transport to retrieve http://downloads.genuitec.com/downloads/products/codetogether/updates/ct20230419/content.xml.xz, see CVE-2021-41033. Consider using https instead.

!ENTRY org.eclipse.equinox.p2.repository 2 0 2023-05-22 12:04:51.873
!MESSAGE Using unsafe http transport to retrieve http://download.eclipse.org/usssdk/updates/release/latest, see CVE-2021-41033. Consider using https instead.

!ENTRY org.eclipse.equinox.p2.repository 2 0 2023-05-22 12:04:52.914
!MESSAGE Using unsafe http transport to retrieve http://download.eclipse.org/usssdk/drops/release/1.2.2/content.xml.xz, see CVE-2021-41033. Consider using https instead.

!ENTRY org.eclipse.equinox.p2.repository 2 0 2023-05-22 12:05:08.103
!MESSAGE Using unsafe http transport to retrieve http://downloads.genuitec.com/downloads/products/codetogether/updates/ct20230419/artifacts.xml.xz, see CVE-2021-41033. Consider using https instead.

!ENTRY org.eclipse.equinox.p2.repository 2 0 2023-05-22 12:05:09.310
!MESSAGE Using unsafe http transport to retrieve http://download.eclipse.org/usssdk/updates/release/latest, see CVE-2021-41033. Consider using https instead.

!ENTRY org.eclipse.equinox.p2.repository 2 0 2023-05-22 12:05:10.346
!MESSAGE Using unsafe http transport to retrieve http://download.eclipse.org/usssdk/drops/release/1.2.2/artifacts.xml.xz, see CVE-2021-41033. Consider using https instead.
!SESSION 2023-05-22 12:22:38.265 -----------------------------------------------
eclipse.buildId=4.27.0.20230309-1200
java.version=17.0.6
java.vendor=Oracle Corporation
BootLoader constants: OS=win32, ARCH=x86_64, WS=win32, NL=pt_BR
Framework arguments:  -product org.eclipse.epp.package.jee.product
Command-line arguments:  -os win32 -ws win32 -arch x86_64 -product org.eclipse.epp.package.jee.product

!ENTRY ch.qos.logback.classic 1 0 2023-05-22 12:22:41.419
!MESSAGE Activated before the state location was initialized. Retry after the state location is initialized.

!ENTRY ch.qos.logback.classic 1 0 2023-05-22 12:22:51.861
!MESSAGE Logback config file: D:\documents\PROGRAMAÇÃO!\CursodeJava\NelioAlves\JAVA\8.Topicos especiais em java.dat-hora\.metadata\.plugins\org.eclipse.m2e.logback\logback.2.1.100.20230106-1511.xml

!ENTRY org.eclipse.jface 2 0 2023-05-22 12:22:53.390
!MESSAGE Keybinding conflicts occurred.  They may interfere with normal accelerator operation.
!SUBENTRY 1 org.eclipse.jface 2 0 2023-05-22 12:22:53.390
!MESSAGE A conflict occurred for CTRL+SHIFT+T:
Binding(CTRL+SHIFT+T,
	ParameterizedCommand(Command(org.eclipse.jdt.ui.navigate.open.type,Open Type,
		Open a type in a Java editor,
		Category(org.eclipse.ui.category.navigate,Navigate,null,true),
		WorkbenchHandlerServiceHandler("org.eclipse.jdt.ui.navigate.open.type"),
		,,true),null),
	org.eclipse.ui.defaultAcceleratorConfiguration,
	org.eclipse.ui.contexts.window,,,system)
Binding(CTRL+SHIFT+T,
	ParameterizedCommand(Command(org.eclipse.lsp4e.symbolinworkspace,Go to Symbol in Workspace,
		,
		Category(org.eclipse.lsp4e.category,Language Servers,null,true),
		WorkbenchHandlerServiceHandler("org.eclipse.lsp4e.symbolinworkspace"),
		,,true),null),
	org.eclipse.ui.defaultAcceleratorConfiguration,
	org.eclipse.ui.contexts.window,,,system)
!SUBENTRY 1 org.eclipse.jface 2 0 2023-05-22 12:22:53.390
!MESSAGE A conflict occurred for ALT+SHIFT+R:
Binding(ALT+SHIFT+R,
	ParameterizedCommand(Command(org.eclipse.jdt.ui.edit.text.java.rename.element,Rename - Refactoring ,
		Rename the selected element,
		Category(org.eclipse.jdt.ui.category.refactoring,Refactor - Java,Java Refactoring Actions,true),
		WorkbenchHandlerServiceHandler("org.eclipse.jdt.ui.edit.text.java.rename.element"),
		,,true),null),
	org.eclipse.ui.defaultAcceleratorConfiguration,
	org.eclipse.ui.contexts.window,,,system)
Binding(ALT+SHIFT+R,
	ParameterizedCommand(Command(org.eclipse.ui.edit.rename,Rename,
		Rename the selected item,
		Category(org.eclipse.ui.category.file,File,null,true),
		WorkbenchHandlerServiceHandler("org.eclipse.ui.edit.rename"),
		,,true),null),
	org.eclipse.ui.defaultAcceleratorConfiguration,
	org.eclipse.ui.contexts.window,,,system)

!ENTRY org.eclipse.egit.ui 2 0 2023-05-22 12:22:55.552
!MESSAGE Warning: The environment variable HOME is not set. The following directory will be used to store the Git
user global configuration and to define the default location to store repositories: 'C:\Users\dougl'. If this is
not correct please set the HOME environment variable and restart Eclipse. Otherwise Git for Windows and
EGit might behave differently since they see different configuration options.
This warning can be switched off on the Team > Git > Confirmations and Warnings preference page.
!SESSION 2023-05-23 15:52:27.078 -----------------------------------------------
eclipse.buildId=4.27.0.20230309-1200
java.version=17.0.6
java.vendor=Oracle Corporation
BootLoader constants: OS=win32, ARCH=x86_64, WS=win32, NL=pt_BR
Framework arguments:  -product org.eclipse.epp.package.jee.product
Command-line arguments:  -os win32 -ws win32 -arch x86_64 -product org.eclipse.epp.package.jee.product

!ENTRY ch.qos.logback.classic 1 0 2023-05-23 15:52:28.425
!MESSAGE Activated before the state location was initialized. Retry after the state location is initialized.

!ENTRY ch.qos.logback.classic 1 0 2023-05-23 15:52:34.659
!MESSAGE Logback config file: D:\documents\PROGRAMAÇÃO!\CursodeJava\NelioAlves\JAVA\8.Topicos especiais em java.dat-hora\.metadata\.plugins\org.eclipse.m2e.logback\logback.2.1.100.20230106-1511.xml

!ENTRY org.eclipse.jface 2 0 2023-05-23 15:52:36.979
!MESSAGE Keybinding conflicts occurred.  They may interfere with normal accelerator operation.
!SUBENTRY 1 org.eclipse.jface 2 0 2023-05-23 15:52:36.979
!MESSAGE A conflict occurred for CTRL+SHIFT+T:
Binding(CTRL+SHIFT+T,
	ParameterizedCommand(Command(org.eclipse.jdt.ui.navigate.open.type,Open Type,
		Open a type in a Java editor,
		Category(org.eclipse.ui.category.navigate,Navigate,null,true),
		WorkbenchHandlerServiceHandler("org.eclipse.jdt.ui.navigate.open.type"),
		,,true),null),
	org.eclipse.ui.defaultAcceleratorConfiguration,
	org.eclipse.ui.contexts.window,,,system)
Binding(CTRL+SHIFT+T,
	ParameterizedCommand(Command(org.eclipse.lsp4e.symbolinworkspace,Go to Symbol in Workspace,
		,
		Category(org.eclipse.lsp4e.category,Language Servers,null,true),
		WorkbenchHandlerServiceHandler("org.eclipse.lsp4e.symbolinworkspace"),
		,,true),null),
	org.eclipse.ui.defaultAcceleratorConfiguration,
	org.eclipse.ui.contexts.window,,,system)
!SUBENTRY 1 org.eclipse.jface 2 0 2023-05-23 15:52:36.979
!MESSAGE A conflict occurred for ALT+SHIFT+R:
Binding(ALT+SHIFT+R,
	ParameterizedCommand(Command(org.eclipse.jdt.ui.edit.text.java.rename.element,Rename - Refactoring ,
		Rename the selected element,
		Category(org.eclipse.jdt.ui.category.refactoring,Refactor - Java,Java Refactoring Actions,true),
		WorkbenchHandlerServiceHandler("org.eclipse.jdt.ui.edit.text.java.rename.element"),
		,,true),null),
	org.eclipse.ui.defaultAcceleratorConfiguration,
	org.eclipse.ui.contexts.window,,,system)
Binding(ALT+SHIFT+R,
	ParameterizedCommand(Command(org.eclipse.ui.edit.rename,Rename,
		Rename the selected item,
		Category(org.eclipse.ui.category.file,File,null,true),
		WorkbenchHandlerServiceHandler("org.eclipse.ui.edit.rename"),
		,,true),null),
	org.eclipse.ui.defaultAcceleratorConfiguration,
	org.eclipse.ui.contexts.window,,,system)

!ENTRY org.eclipse.egit.ui 2 0 2023-05-23 15:52:40.894
!MESSAGE Warning: The environment variable HOME is not set. The following directory will be used to store the Git
user global configuration and to define the default location to store repositories: 'C:\Users\dougl'. If this is
not correct please set the HOME environment variable and restart Eclipse. Otherwise Git for Windows and
EGit might behave differently since they see different configuration options.
This warning can be switched off on the Team > Git > Confirmations and Warnings preference page.
!SESSION 2023-05-23 22:45:41.569 -----------------------------------------------
eclipse.buildId=4.27.0.20230309-1200
java.version=17.0.6
java.vendor=Oracle Corporation
BootLoader constants: OS=win32, ARCH=x86_64, WS=win32, NL=pt_BR
Framework arguments:  -product org.eclipse.epp.package.jee.product
Command-line arguments:  -os win32 -ws win32 -arch x86_64 -product org.eclipse.epp.package.jee.product

!ENTRY ch.qos.logback.classic 1 0 2023-05-23 22:45:42.861
!MESSAGE Activated before the state location was initialized. Retry after the state location is initialized.

!ENTRY ch.qos.logback.classic 1 0 2023-05-23 22:45:52.060
!MESSAGE Logback config file: D:\documents\PROGRAMAÇÃO!\CursodeJava\NelioAlves\JAVA\8.Topicos especiais em java.dat-hora\.metadata\.plugins\org.eclipse.m2e.logback\logback.2.1.100.20230106-1511.xml

!ENTRY org.eclipse.jface 2 0 2023-05-23 22:45:54.183
!MESSAGE Keybinding conflicts occurred.  They may interfere with normal accelerator operation.
!SUBENTRY 1 org.eclipse.jface 2 0 2023-05-23 22:45:54.183
!MESSAGE A conflict occurred for CTRL+SHIFT+T:
Binding(CTRL+SHIFT+T,
	ParameterizedCommand(Command(org.eclipse.jdt.ui.navigate.open.type,Open Type,
		Open a type in a Java editor,
		Category(org.eclipse.ui.category.navigate,Navigate,null,true),
		WorkbenchHandlerServiceHandler("org.eclipse.jdt.ui.navigate.open.type"),
		,,true),null),
	org.eclipse.ui.defaultAcceleratorConfiguration,
	org.eclipse.ui.contexts.window,,,system)
Binding(CTRL+SHIFT+T,
	ParameterizedCommand(Command(org.eclipse.lsp4e.symbolinworkspace,Go to Symbol in Workspace,
		,
		Category(org.eclipse.lsp4e.category,Language Servers,null,true),
		WorkbenchHandlerServiceHandler("org.eclipse.lsp4e.symbolinworkspace"),
		,,true),null),
	org.eclipse.ui.defaultAcceleratorConfiguration,
	org.eclipse.ui.contexts.window,,,system)
!SUBENTRY 1 org.eclipse.jface 2 0 2023-05-23 22:45:54.183
!MESSAGE A conflict occurred for ALT+SHIFT+R:
Binding(ALT+SHIFT+R,
	ParameterizedCommand(Command(org.eclipse.jdt.ui.edit.text.java.rename.element,Rename - Refactoring ,
		Rename the selected element,
		Category(org.eclipse.jdt.ui.category.refactoring,Refactor - Java,Java Refactoring Actions,true),
		WorkbenchHandlerServiceHandler("org.eclipse.jdt.ui.edit.text.java.rename.element"),
		,,true),null),
	org.eclipse.ui.defaultAcceleratorConfiguration,
	org.eclipse.ui.contexts.window,,,system)
Binding(ALT+SHIFT+R,
	ParameterizedCommand(Command(org.eclipse.ui.edit.rename,Rename,
		Rename the selected item,
		Category(org.eclipse.ui.category.file,File,null,true),
		WorkbenchHandlerServiceHandler("org.eclipse.ui.edit.rename"),
		,,true),null),
	org.eclipse.ui.defaultAcceleratorConfiguration,
	org.eclipse.ui.contexts.window,,,system)

!ENTRY org.eclipse.egit.ui 2 0 2023-05-23 22:45:58.510
!MESSAGE Warning: The environment variable HOME is not set. The following directory will be used to store the Git
user global configuration and to define the default location to store repositories: 'C:\Users\dougl'. If this is
not correct please set the HOME environment variable and restart Eclipse. Otherwise Git for Windows and
EGit might behave differently since they see different configuration options.
This warning can be switched off on the Team > Git > Confirmations and Warnings preference page.

!ENTRY org.eclipse.ui.workbench.texteditor 4 0 2023-05-24 00:22:41.584
!MESSAGE Disconnected before saving. Please post stacktrace to https://bugs.eclipse.org/bugs/show_bug.cgi?id=569286 org.eclipse.jdt.internal.ui.javaeditor.CompilationUnitEditor Program.java
!STACK 0
java.lang.IllegalStateException: Disconnected before saving. Please post stacktrace to https://bugs.eclipse.org/bugs/show_bug.cgi?id=569286 org.eclipse.jdt.internal.ui.javaeditor.CompilationUnitEditor Program.java
	at org.eclipse.ui.texteditor.AbstractTextEditor$TextEditorSavable.disconnectEditor(AbstractTextEditor.java:7148)
	at org.eclipse.ui.texteditor.AbstractTextEditor.dispose(AbstractTextEditor.java:4329)
	at org.eclipse.ui.texteditor.AbstractDecoratedTextEditor.dispose(AbstractDecoratedTextEditor.java:392)
	at org.eclipse.jdt.internal.ui.javaeditor.JavaEditor.dispose(JavaEditor.java:2666)
	at org.eclipse.jdt.internal.ui.javaeditor.CompilationUnitEditor.dispose(CompilationUnitEditor.java:1513)
	at org.eclipse.ui.internal.e4.compatibility.CompatibilityPart.invalidate(CompatibilityPart.java:264)
	at org.eclipse.ui.internal.e4.compatibility.CompatibilityPart.destroy(CompatibilityPart.java:421)
	at java.base/jdk.internal.reflect.NativeMethodAccessorImpl.invoke0(Native Method)
	at java.base/jdk.internal.reflect.NativeMethodAccessorImpl.invoke(NativeMethodAccessorImpl.java:77)
	at java.base/jdk.internal.reflect.DelegatingMethodAccessorImpl.invoke(DelegatingMethodAccessorImpl.java:43)
	at java.base/java.lang.reflect.Method.invoke(Method.java:568)
	at org.eclipse.e4.core.internal.di.MethodRequestor.execute(MethodRequestor.java:58)
	at org.eclipse.e4.core.internal.di.InjectorImpl.processAnnotated(InjectorImpl.java:995)
	at org.eclipse.e4.core.internal.di.InjectorImpl.processAnnotated(InjectorImpl.java:960)
	at org.eclipse.e4.core.internal.di.InjectorImpl.uninject(InjectorImpl.java:201)
	at org.eclipse.e4.core.internal.di.Requestor.uninject(Requestor.java:177)
	at org.eclipse.e4.core.internal.contexts.ContextObjectSupplier$ContextInjectionListener.update(ContextObjectSupplier.java:89)
	at org.eclipse.e4.core.internal.contexts.TrackableComputationExt.update(TrackableComputationExt.java:103)
	at org.eclipse.e4.core.internal.contexts.EclipseContext.removeListenersTo(EclipseContext.java:487)
	at org.eclipse.e4.core.contexts.ContextInjectionFactory.uninject(ContextInjectionFactory.java:184)
	at org.eclipse.e4.ui.internal.workbench.swt.PartRenderingEngine.safeRemoveGui(PartRenderingEngine.java:947)
	at org.eclipse.e4.ui.internal.workbench.swt.PartRenderingEngine$4.run(PartRenderingEngine.java:861)
	at org.eclipse.core.runtime.SafeRunner.run(SafeRunner.java:45)
	at org.eclipse.e4.ui.internal.workbench.swt.PartRenderingEngine.removeGui(PartRenderingEngine.java:845)
	at org.eclipse.e4.ui.internal.workbench.swt.PartRenderingEngine.subscribeTopicToBeRendered(PartRenderingEngine.java:185)
	at java.base/jdk.internal.reflect.NativeMethodAccessorImpl.invoke0(Native Method)
	at java.base/jdk.internal.reflect.NativeMethodAccessorImpl.invoke(NativeMethodAccessorImpl.java:77)
	at java.base/jdk.internal.reflect.DelegatingMethodAccessorImpl.invoke(DelegatingMethodAccessorImpl.java:43)
	at java.base/java.lang.reflect.Method.invoke(Method.java:568)
	at org.eclipse.e4.core.internal.di.MethodRequestor.execute(MethodRequestor.java:58)
	at org.eclipse.e4.core.di.internal.extensions.EventObjectSupplier$DIEventHandler.handleEvent(EventObjectSupplier.java:92)
	at org.eclipse.equinox.internal.event.EventHandlerWrapper.handleEvent(EventHandlerWrapper.java:205)
	at org.eclipse.equinox.internal.event.EventHandlerTracker.dispatchEvent(EventHandlerTracker.java:203)
	at org.eclipse.equinox.internal.event.EventHandlerTracker.dispatchEvent(EventHandlerTracker.java:1)
	at org.eclipse.osgi.framework.eventmgr.EventManager.dispatchEvent(EventManager.java:234)
	at org.eclipse.osgi.framework.eventmgr.ListenerQueue.dispatchEventSynchronous(ListenerQueue.java:151)
	at org.eclipse.equinox.internal.event.EventAdminImpl.dispatchEvent(EventAdminImpl.java:133)
	at org.eclipse.equinox.internal.event.EventAdminImpl.sendEvent(EventAdminImpl.java:75)
	at org.eclipse.equinox.internal.event.EventComponent.sendEvent(EventComponent.java:44)
	at org.eclipse.e4.ui.services.internal.events.EventBroker.send(EventBroker.java:55)
	at org.eclipse.e4.ui.internal.workbench.UIEventPublisher.notifyChanged(UIEventPublisher.java:63)
	at org.eclipse.emf.common.notify.impl.BasicNotifierImpl.eNotify(BasicNotifierImpl.java:424)
	at org.eclipse.e4.ui.model.application.ui.impl.UIElementImpl.setToBeRendered(UIElementImpl.java:314)
	at org.eclipse.e4.ui.internal.workbench.PartServiceImpl.hidePart(PartServiceImpl.java:1404)
	at org.eclipse.e4.ui.internal.workbench.PartServiceImpl.hidePart(PartServiceImpl.java:1334)
	at org.eclipse.e4.ui.workbench.renderers.swt.StackRenderer.closePart(StackRenderer.java:1181)
	at org.eclipse.e4.ui.workbench.renderers.swt.StackRenderer$3.close(StackRenderer.java:1041)
	at org.eclipse.swt.custom.CTabFolder.onMouse(CTabFolder.java:1961)
	at org.eclipse.swt.custom.CTabFolder.lambda$0(CTabFolder.java:337)
	at org.eclipse.swt.widgets.EventTable.sendEvent(EventTable.java:89)
	at org.eclipse.swt.widgets.Display.sendEvent(Display.java:4256)
	at org.eclipse.swt.widgets.Widget.sendEvent(Widget.java:1066)
	at org.eclipse.swt.widgets.Display.runDeferredEvents(Display.java:4054)
	at org.eclipse.swt.widgets.Display.readAndDispatch(Display.java:3642)
	at org.eclipse.e4.ui.internal.workbench.swt.PartRenderingEngine$5.run(PartRenderingEngine.java:1155)
	at org.eclipse.core.databinding.observable.Realm.runWithDefault(Realm.java:338)
	at org.eclipse.e4.ui.internal.workbench.swt.PartRenderingEngine.run(PartRenderingEngine.java:1046)
	at org.eclipse.e4.ui.internal.workbench.E4Workbench.createAndRunUI(E4Workbench.java:155)
	at org.eclipse.ui.internal.Workbench.lambda$3(Workbench.java:643)
	at org.eclipse.core.databinding.observable.Realm.runWithDefault(Realm.java:338)
	at org.eclipse.ui.internal.Workbench.createAndRunWorkbench(Workbench.java:550)
	at org.eclipse.ui.PlatformUI.createAndRunWorkbench(PlatformUI.java:171)
	at org.eclipse.ui.internal.ide.application.IDEApplication.start(IDEApplication.java:152)
	at org.eclipse.equinox.internal.app.EclipseAppHandle.run(EclipseAppHandle.java:203)
	at org.eclipse.core.runtime.internal.adaptor.EclipseAppLauncher.runApplication(EclipseAppLauncher.java:136)
	at org.eclipse.core.runtime.internal.adaptor.EclipseAppLauncher.start(EclipseAppLauncher.java:104)
	at org.eclipse.core.runtime.adaptor.EclipseStarter.run(EclipseStarter.java:402)
	at org.eclipse.core.runtime.adaptor.EclipseStarter.run(EclipseStarter.java:255)
	at java.base/jdk.internal.reflect.NativeMethodAccessorImpl.invoke0(Native Method)
	at java.base/jdk.internal.reflect.NativeMethodAccessorImpl.invoke(NativeMethodAccessorImpl.java:77)
	at java.base/jdk.internal.reflect.DelegatingMethodAccessorImpl.invoke(DelegatingMethodAccessorImpl.java:43)
	at java.base/java.lang.reflect.Method.invoke(Method.java:568)
	at org.eclipse.equinox.launcher.Main.invokeFramework(Main.java:659)
	at org.eclipse.equinox.launcher.Main.basicRun(Main.java:596)
	at org.eclipse.equinox.launcher.Main.run(Main.java:1467)
	at org.eclipse.equinox.launcher.Main.main(Main.java:1440)
	Suppressed: java.lang.IllegalStateException: isDirty check after disconnect
		at org.eclipse.ui.texteditor.AbstractTextEditor$TextEditorSavable.isDirty(AbstractTextEditor.java:7197)
		at org.eclipse.ui.internal.Workbench.getFilteredSaveables(Workbench.java:3431)
		at org.eclipse.ui.internal.Workbench.saveAll(Workbench.java:3404)
		at org.eclipse.ui.ide.IDE$1.run(IDE.java:1458)
		at org.eclipse.core.runtime.SafeRunner.run(SafeRunner.java:45)
		at org.eclipse.ui.ide.IDE.saveAllEditors(IDE.java:1446)
		at org.eclipse.debug.internal.ui.launchConfigurations.SaveScopeResourcesHandler.doSave(SaveScopeResourcesHandler.java:228)
		at org.eclipse.debug.internal.ui.launchConfigurations.SaveScopeResourcesHandler.handleStatus(SaveScopeResourcesHandler.java:182)
		at org.eclipse.debug.internal.ui.sourcelookup.Prompter.lambda$0(Prompter.java:73)
		at org.eclipse.ui.internal.PendingSyncExec.run(PendingSyncExec.java:68)
		at org.eclipse.ui.internal.UILockListener.doPendingWork(UILockListener.java:172)
		at org.eclipse.swt.widgets.RunnableLock.run(RunnableLock.java:40)
		at org.eclipse.swt.widgets.Synchronizer.runAsyncMessages(Synchronizer.java:132)
		at org.eclipse.swt.widgets.Display.runAsyncMessages(Display.java:4029)
		at org.eclipse.swt.widgets.Display.readAndDispatch(Display.java:3645)
		... 22 more
!SESSION 2023-05-24 10:28:21.829 -----------------------------------------------
eclipse.buildId=4.27.0.20230309-1200
java.version=17.0.6
java.vendor=Oracle Corporation
BootLoader constants: OS=win32, ARCH=x86_64, WS=win32, NL=pt_BR
Framework arguments:  -product org.eclipse.epp.package.jee.product
Command-line arguments:  -os win32 -ws win32 -arch x86_64 -product org.eclipse.epp.package.jee.product

!ENTRY ch.qos.logback.classic 1 0 2023-05-24 10:28:22.716
!MESSAGE Activated before the state location was initialized. Retry after the state location is initialized.

!ENTRY org.eclipse.core.resources 2 10035 2023-05-24 10:28:47.572
!MESSAGE The workspace exited with unsaved changes in the previous session; refreshing workspace to recover changes.

!ENTRY ch.qos.logback.classic 1 0 2023-05-24 10:28:48.591
!MESSAGE Logback config file: D:\documents\PROGRAMAÇÃO!\CursodeJava\NelioAlves\JAVA\8.Topicos especiais em java.dat-hora\.metadata\.plugins\org.eclipse.m2e.logback\logback.2.1.100.20230106-1511.xml

!ENTRY org.eclipse.jface 2 0 2023-05-24 10:28:50.471
!MESSAGE Keybinding conflicts occurred.  They may interfere with normal accelerator operation.
!SUBENTRY 1 org.eclipse.jface 2 0 2023-05-24 10:28:50.471
!MESSAGE A conflict occurred for CTRL+SHIFT+T:
Binding(CTRL+SHIFT+T,
	ParameterizedCommand(Command(org.eclipse.jdt.ui.navigate.open.type,Open Type,
		Open a type in a Java editor,
		Category(org.eclipse.ui.category.navigate,Navigate,null,true),
		WorkbenchHandlerServiceHandler("org.eclipse.jdt.ui.navigate.open.type"),
		,,true),null),
	org.eclipse.ui.defaultAcceleratorConfiguration,
	org.eclipse.ui.contexts.window,,,system)
Binding(CTRL+SHIFT+T,
	ParameterizedCommand(Command(org.eclipse.lsp4e.symbolinworkspace,Go to Symbol in Workspace,
		,
		Category(org.eclipse.lsp4e.category,Language Servers,null,true),
		WorkbenchHandlerServiceHandler("org.eclipse.lsp4e.symbolinworkspace"),
		,,true),null),
	org.eclipse.ui.defaultAcceleratorConfiguration,
	org.eclipse.ui.contexts.window,,,system)
!SUBENTRY 1 org.eclipse.jface 2 0 2023-05-24 10:28:50.471
!MESSAGE A conflict occurred for ALT+SHIFT+R:
Binding(ALT+SHIFT+R,
	ParameterizedCommand(Command(org.eclipse.jdt.ui.edit.text.java.rename.element,Rename - Refactoring ,
		Rename the selected element,
		Category(org.eclipse.jdt.ui.category.refactoring,Refactor - Java,Java Refactoring Actions,true),
		WorkbenchHandlerServiceHandler("org.eclipse.jdt.ui.edit.text.java.rename.element"),
		,,true),null),
	org.eclipse.ui.defaultAcceleratorConfiguration,
	org.eclipse.ui.contexts.window,,,system)
Binding(ALT+SHIFT+R,
	ParameterizedCommand(Command(org.eclipse.ui.edit.rename,Rename,
		Rename the selected item,
		Category(org.eclipse.ui.category.file,File,null,true),
		WorkbenchHandlerServiceHandler("org.eclipse.ui.edit.rename"),
		,,true),null),
	org.eclipse.ui.defaultAcceleratorConfiguration,
	org.eclipse.ui.contexts.window,,,system)

!ENTRY org.eclipse.egit.ui 2 0 2023-05-24 10:28:53.909
!MESSAGE Warning: The environment variable HOME is not set. The following directory will be used to store the Git
user global configuration and to define the default location to store repositories: 'C:\Users\dougl'. If this is
not correct please set the HOME environment variable and restart Eclipse. Otherwise Git for Windows and
EGit might behave differently since they see different configuration options.
This warning can be switched off on the Team > Git > Confirmations and Warnings preference page.
!SESSION 2023-05-24 22:28:50.368 -----------------------------------------------
eclipse.buildId=4.27.0.20230309-1200
java.version=17.0.6
java.vendor=Oracle Corporation
BootLoader constants: OS=win32, ARCH=x86_64, WS=win32, NL=pt_BR
Framework arguments:  -product org.eclipse.epp.package.jee.product
Command-line arguments:  -os win32 -ws win32 -arch x86_64 -product org.eclipse.epp.package.jee.product

!ENTRY ch.qos.logback.classic 1 0 2023-05-24 22:28:51.555
!MESSAGE Activated before the state location was initialized. Retry after the state location is initialized.

!ENTRY org.eclipse.core.resources 2 10035 2023-05-24 23:04:11.289
!MESSAGE The workspace exited with unsaved changes in the previous session; refreshing workspace to recover changes.

!ENTRY ch.qos.logback.classic 1 0 2023-05-24 23:04:13.263
!MESSAGE Logback config file: D:\documents\PROGRAMAÇÃO!\CursodeJava\NelioAlves\JAVA\8.Topicos especiais em java.dat-hora\.metadata\.plugins\org.eclipse.m2e.logback\logback.2.1.100.20230106-1511.xml

!ENTRY org.eclipse.jface 2 0 2023-05-24 23:04:15.290
!MESSAGE Keybinding conflicts occurred.  They may interfere with normal accelerator operation.
!SUBENTRY 1 org.eclipse.jface 2 0 2023-05-24 23:04:15.290
!MESSAGE A conflict occurred for CTRL+SHIFT+T:
Binding(CTRL+SHIFT+T,
	ParameterizedCommand(Command(org.eclipse.jdt.ui.navigate.open.type,Open Type,
		Open a type in a Java editor,
		Category(org.eclipse.ui.category.navigate,Navigate,null,true),
		WorkbenchHandlerServiceHandler("org.eclipse.jdt.ui.navigate.open.type"),
		,,true),null),
	org.eclipse.ui.defaultAcceleratorConfiguration,
	org.eclipse.ui.contexts.window,,,system)
Binding(CTRL+SHIFT+T,
	ParameterizedCommand(Command(org.eclipse.lsp4e.symbolinworkspace,Go to Symbol in Workspace,
		,
		Category(org.eclipse.lsp4e.category,Language Servers,null,true),
		WorkbenchHandlerServiceHandler("org.eclipse.lsp4e.symbolinworkspace"),
		,,true),null),
	org.eclipse.ui.defaultAcceleratorConfiguration,
	org.eclipse.ui.contexts.window,,,system)
!SUBENTRY 1 org.eclipse.jface 2 0 2023-05-24 23:04:15.290
!MESSAGE A conflict occurred for ALT+SHIFT+R:
Binding(ALT+SHIFT+R,
	ParameterizedCommand(Command(org.eclipse.jdt.ui.edit.text.java.rename.element,Rename - Refactoring ,
		Rename the selected element,
		Category(org.eclipse.jdt.ui.category.refactoring,Refactor - Java,Java Refactoring Actions,true),
		WorkbenchHandlerServiceHandler("org.eclipse.jdt.ui.edit.text.java.rename.element"),
		,,true),null),
	org.eclipse.ui.defaultAcceleratorConfiguration,
	org.eclipse.ui.contexts.window,,,system)
Binding(ALT+SHIFT+R,
	ParameterizedCommand(Command(org.eclipse.ui.edit.rename,Rename,
		Rename the selected item,
		Category(org.eclipse.ui.category.file,File,null,true),
		WorkbenchHandlerServiceHandler("org.eclipse.ui.edit.rename"),
		,,true),null),
	org.eclipse.ui.defaultAcceleratorConfiguration,
	org.eclipse.ui.contexts.window,,,system)

!ENTRY org.eclipse.egit.ui 2 0 2023-05-24 23:04:19.089
!MESSAGE Warning: The environment variable HOME is not set. The following directory will be used to store the Git
user global configuration and to define the default location to store repositories: 'C:\Users\dougl'. If this is
not correct please set the HOME environment variable and restart Eclipse. Otherwise Git for Windows and
EGit might behave differently since they see different configuration options.
This warning can be switched off on the Team > Git > Confirmations and Warnings preference page.

!ENTRY org.eclipse.jface.text 2 0 2023-05-24 23:04:59.222
!MESSAGE Cannot invoke "org.eclipse.jdt.core.dom.ASTNode.getParent()" because "declaration" is null
!STACK 0
java.lang.NullPointerException: Cannot invoke "org.eclipse.jdt.core.dom.ASTNode.getParent()" because "declaration" is null
	at org.eclipse.jdt.internal.corext.fix.UnusedCodeFixCore$RemoveUnusedMemberOperation.removeUnusedName(UnusedCodeFixCore.java:287)
	at org.eclipse.jdt.internal.corext.fix.UnusedCodeFixCore$RemoveUnusedMemberOperation.rewriteAST(UnusedCodeFixCore.java:268)
	at org.eclipse.jdt.internal.corext.fix.CompilationUnitRewriteOperationsFixCore.createChange(CompilationUnitRewriteOperationsFixCore.java:98)
	at org.eclipse.jdt.internal.corext.fix.UnusedCodeFix.createChange(UnusedCodeFix.java:49)
	at org.eclipse.jdt.internal.ui.text.correction.proposals.FixCorrectionProposal.createTextChange(FixCorrectionProposal.java:151)
	at org.eclipse.jdt.ui.text.java.correction.CUCorrectionProposal.createChange(CUCorrectionProposal.java:203)
	at org.eclipse.jdt.ui.text.java.correction.ChangeCorrectionProposal.getChange(ChangeCorrectionProposal.java:341)
	at org.eclipse.jdt.ui.text.java.correction.CUCorrectionProposal.getTextChange(CUCorrectionProposal.java:214)
	at org.eclipse.jdt.core.manipulation.CUCorrectionProposalCore.getAdditionalProposalInfo(CUCorrectionProposalCore.java:132)
	at org.eclipse.jdt.ui.text.java.correction.CUCorrectionProposal.getAdditionalProposalInfo(CUCorrectionProposal.java:138)
	at org.eclipse.jdt.internal.ui.text.correction.proposals.FixCorrectionProposal.getAdditionalProposalInfo(FixCorrectionProposal.java:133)
	at org.eclipse.jface.text.contentassist.AdditionalInfoController$Timer$2$1.run(AdditionalInfoController.java:116)
	at org.eclipse.core.internal.jobs.Worker.run(Worker.java:63)
!SESSION 2023-05-26 22:02:06.758 -----------------------------------------------
eclipse.buildId=4.27.0.20230309-1200
java.version=17.0.6
java.vendor=Oracle Corporation
BootLoader constants: OS=win32, ARCH=x86_64, WS=win32, NL=pt_BR
Framework arguments:  -product org.eclipse.epp.package.jee.product
Command-line arguments:  -os win32 -ws win32 -arch x86_64 -product org.eclipse.epp.package.jee.product

!ENTRY ch.qos.logback.classic 1 0 2023-05-26 22:02:07.982
!MESSAGE Activated before the state location was initialized. Retry after the state location is initialized.

!ENTRY ch.qos.logback.classic 1 0 2023-05-26 22:04:32.546
!MESSAGE Logback config file: D:\documents\PROGRAMAÇÃO!\CursodeJava\NelioAlves\JAVA\8.Topicos especiais em java.dat-hora\.metadata\.plugins\org.eclipse.m2e.logback\logback.2.1.100.20230106-1511.xml

!ENTRY org.eclipse.jface 2 0 2023-05-26 22:04:34.992
!MESSAGE Keybinding conflicts occurred.  They may interfere with normal accelerator operation.
!SUBENTRY 1 org.eclipse.jface 2 0 2023-05-26 22:04:34.992
!MESSAGE A conflict occurred for CTRL+SHIFT+T:
Binding(CTRL+SHIFT+T,
	ParameterizedCommand(Command(org.eclipse.jdt.ui.navigate.open.type,Open Type,
		Open a type in a Java editor,
		Category(org.eclipse.ui.category.navigate,Navigate,null,true),
		WorkbenchHandlerServiceHandler("org.eclipse.jdt.ui.navigate.open.type"),
		,,true),null),
	org.eclipse.ui.defaultAcceleratorConfiguration,
	org.eclipse.ui.contexts.window,,,system)
Binding(CTRL+SHIFT+T,
	ParameterizedCommand(Command(org.eclipse.lsp4e.symbolinworkspace,Go to Symbol in Workspace,
		,
		Category(org.eclipse.lsp4e.category,Language Servers,null,true),
		WorkbenchHandlerServiceHandler("org.eclipse.lsp4e.symbolinworkspace"),
		,,true),null),
	org.eclipse.ui.defaultAcceleratorConfiguration,
	org.eclipse.ui.contexts.window,,,system)
!SUBENTRY 1 org.eclipse.jface 2 0 2023-05-26 22:04:34.992
!MESSAGE A conflict occurred for ALT+SHIFT+R:
Binding(ALT+SHIFT+R,
	ParameterizedCommand(Command(org.eclipse.jdt.ui.edit.text.java.rename.element,Rename - Refactoring ,
		Rename the selected element,
		Category(org.eclipse.jdt.ui.category.refactoring,Refactor - Java,Java Refactoring Actions,true),
		WorkbenchHandlerServiceHandler("org.eclipse.jdt.ui.edit.text.java.rename.element"),
		,,true),null),
	org.eclipse.ui.defaultAcceleratorConfiguration,
	org.eclipse.ui.contexts.window,,,system)
Binding(ALT+SHIFT+R,
	ParameterizedCommand(Command(org.eclipse.ui.edit.rename,Rename,
		Rename the selected item,
		Category(org.eclipse.ui.category.file,File,null,true),
		WorkbenchHandlerServiceHandler("org.eclipse.ui.edit.rename"),
		,,true),null),
	org.eclipse.ui.defaultAcceleratorConfiguration,
	org.eclipse.ui.contexts.window,,,system)

!ENTRY org.eclipse.egit.ui 2 0 2023-05-26 22:04:39.861
!MESSAGE Warning: The environment variable HOME is not set. The following directory will be used to store the Git
user global configuration and to define the default location to store repositories: 'C:\Users\dougl'. If this is
not correct please set the HOME environment variable and restart Eclipse. Otherwise Git for Windows and
EGit might behave differently since they see different configuration options.
This warning can be switched off on the Team > Git > Confirmations and Warnings preference page.

!ENTRY org.eclipse.equinox.p2.repository 2 0 2023-05-26 22:05:25.557
!MESSAGE Using unsafe http transport to retrieve http://downloads.genuitec.com/downloads/products/codetogether/updates/ct20230419/content.xml.xz, see CVE-2021-41033. Consider using https instead.

!ENTRY org.eclipse.equinox.p2.repository 2 0 2023-05-26 22:05:26.601
!MESSAGE Using unsafe http transport to retrieve http://download.eclipse.org/usssdk/updates/release/latest, see CVE-2021-41033. Consider using https instead.

!ENTRY org.eclipse.equinox.p2.repository 2 0 2023-05-26 22:05:27.628
!MESSAGE Using unsafe http transport to retrieve http://download.eclipse.org/usssdk/drops/release/1.2.2/content.xml.xz, see CVE-2021-41033. Consider using https instead.

!ENTRY org.eclipse.jdt.ui 4 2 2023-05-26 22:57:24.999
!MESSAGE Problems occurred when invoking code from plug-in: "org.eclipse.jdt.ui".
!STACK 0
java.lang.IllegalStateException: null is not part of a compilation unit or class file
	at org.eclipse.jdt.core.dom.CompilationUnitResolver.resolve(CompilationUnitResolver.java:845)
	at org.eclipse.jdt.core.dom.ASTParser.createBindings(ASTParser.java:1112)
	at org.eclipse.jdt.internal.ui.text.correction.UnresolvedElementsSubProcessor.addSimilarTypeProposals(UnresolvedElementsSubProcessor.java:900)
	at org.eclipse.jdt.internal.ui.text.correction.UnresolvedElementsSubProcessor.getTypeProposals(UnresolvedElementsSubProcessor.java:683)
	at org.eclipse.jdt.internal.ui.text.correction.QuickFixProcessor.process(QuickFixProcessor.java:424)
	at org.eclipse.jdt.internal.ui.text.correction.QuickFixProcessor.getCorrections(QuickFixProcessor.java:361)
	at org.eclipse.jdt.internal.ui.text.correction.JavaCorrectionProcessor$SafeCorrectionCollector.safeRun(JavaCorrectionProcessor.java:381)
	at org.eclipse.jdt.internal.ui.text.correction.JavaCorrectionProcessor$SafeCorrectionProcessorAccess.run(JavaCorrectionProcessor.java:341)
	at org.eclipse.core.runtime.SafeRunner.run(SafeRunner.java:45)
	at org.eclipse.jdt.internal.ui.text.correction.JavaCorrectionProcessor$SafeCorrectionProcessorAccess.process(JavaCorrectionProcessor.java:336)
	at org.eclipse.jdt.internal.ui.text.correction.JavaCorrectionProcessor.collectCorrections(JavaCorrectionProcessor.java:465)
	at org.eclipse.jdt.internal.ui.text.java.hover.ProblemHover$ProblemInfo.getJavaAnnotationFixes(ProblemHover.java:115)
	at org.eclipse.jdt.internal.ui.text.java.hover.ProblemHover$ProblemInfo.computeCompletionProposals(ProblemHover.java:89)
	at org.eclipse.jdt.internal.ui.text.java.hover.ProblemHover$ProblemInfo.<init>(ProblemHover.java:74)
	at org.eclipse.jdt.internal.ui.text.java.hover.ProblemHover.createAnnotationInfo(ProblemHover.java:178)
	at org.eclipse.jdt.internal.ui.text.java.hover.AbstractAnnotationHover.getHoverInfo2(AbstractAnnotationHover.java:755)
	at org.eclipse.jdt.internal.ui.text.java.hover.BestMatchHover.getHoverInfo2(BestMatchHover.java:163)
	at org.eclipse.jdt.internal.ui.text.java.hover.BestMatchHover.getHoverInfo2(BestMatchHover.java:130)
	at org.eclipse.jdt.internal.ui.text.java.hover.JavaEditorTextHoverProxy.getHoverInfo2(JavaEditorTextHoverProxy.java:89)
	at org.eclipse.jface.text.TextViewerHoverManager$1.run(TextViewerHoverManager.java:155)

!ENTRY org.eclipse.jdt.ui 4 2 2023-05-26 22:57:31.431
!MESSAGE Problems occurred when invoking code from plug-in: "org.eclipse.jdt.ui".
!STACK 0
java.lang.IllegalStateException: null is not part of a compilation unit or class file
	at org.eclipse.jdt.core.dom.CompilationUnitResolver.resolve(CompilationUnitResolver.java:845)
	at org.eclipse.jdt.core.dom.ASTParser.createBindings(ASTParser.java:1112)
	at org.eclipse.jdt.internal.ui.text.correction.UnresolvedElementsSubProcessor.addSimilarTypeProposals(UnresolvedElementsSubProcessor.java:900)
	at org.eclipse.jdt.internal.ui.text.correction.UnresolvedElementsSubProcessor.getTypeProposals(UnresolvedElementsSubProcessor.java:683)
	at org.eclipse.jdt.internal.ui.text.correction.QuickFixProcessor.process(QuickFixProcessor.java:424)
	at org.eclipse.jdt.internal.ui.text.correction.QuickFixProcessor.getCorrections(QuickFixProcessor.java:361)
	at org.eclipse.jdt.internal.ui.text.correction.JavaCorrectionProcessor$SafeCorrectionCollector.safeRun(JavaCorrectionProcessor.java:381)
	at org.eclipse.jdt.internal.ui.text.correction.JavaCorrectionProcessor$SafeCorrectionProcessorAccess.run(JavaCorrectionProcessor.java:341)
	at org.eclipse.core.runtime.SafeRunner.run(SafeRunner.java:45)
	at org.eclipse.jdt.internal.ui.text.correction.JavaCorrectionProcessor$SafeCorrectionProcessorAccess.process(JavaCorrectionProcessor.java:336)
	at org.eclipse.jdt.internal.ui.text.correction.JavaCorrectionProcessor.collectCorrections(JavaCorrectionProcessor.java:465)
	at org.eclipse.jdt.internal.ui.text.java.hover.ProblemHover$ProblemInfo.getJavaAnnotationFixes(ProblemHover.java:115)
	at org.eclipse.jdt.internal.ui.text.java.hover.ProblemHover$ProblemInfo.computeCompletionProposals(ProblemHover.java:89)
	at org.eclipse.jdt.internal.ui.text.java.hover.ProblemHover$ProblemInfo.<init>(ProblemHover.java:74)
	at org.eclipse.jdt.internal.ui.text.java.hover.ProblemHover.createAnnotationInfo(ProblemHover.java:178)
	at org.eclipse.jdt.internal.ui.text.java.hover.AbstractAnnotationHover.getHoverInfo2(AbstractAnnotationHover.java:755)
	at org.eclipse.jdt.internal.ui.text.java.hover.BestMatchHover.getHoverInfo2(BestMatchHover.java:163)
	at org.eclipse.jdt.internal.ui.text.java.hover.BestMatchHover.getHoverInfo2(BestMatchHover.java:130)
	at org.eclipse.jdt.internal.ui.text.java.hover.JavaEditorTextHoverProxy.getHoverInfo2(JavaEditorTextHoverProxy.java:89)
	at org.eclipse.jface.text.TextViewerHoverManager$1.run(TextViewerHoverManager.java:155)

!ENTRY org.eclipse.jdt.ui 4 2 2023-05-26 22:57:33.273
!MESSAGE Problems occurred when invoking code from plug-in: "org.eclipse.jdt.ui".
!STACK 0
java.lang.IllegalStateException: null is not part of a compilation unit or class file
	at org.eclipse.jdt.core.dom.CompilationUnitResolver.resolve(CompilationUnitResolver.java:845)
	at org.eclipse.jdt.core.dom.ASTParser.createBindings(ASTParser.java:1112)
	at org.eclipse.jdt.internal.ui.text.correction.UnresolvedElementsSubProcessor.addSimilarTypeProposals(UnresolvedElementsSubProcessor.java:900)
	at org.eclipse.jdt.internal.ui.text.correction.UnresolvedElementsSubProcessor.getTypeProposals(UnresolvedElementsSubProcessor.java:683)
	at org.eclipse.jdt.internal.ui.text.correction.QuickFixProcessor.process(QuickFixProcessor.java:424)
	at org.eclipse.jdt.internal.ui.text.correction.QuickFixProcessor.getCorrections(QuickFixProcessor.java:361)
	at org.eclipse.jdt.internal.ui.text.correction.JavaCorrectionProcessor$SafeCorrectionCollector.safeRun(JavaCorrectionProcessor.java:381)
	at org.eclipse.jdt.internal.ui.text.correction.JavaCorrectionProcessor$SafeCorrectionProcessorAccess.run(JavaCorrectionProcessor.java:341)
	at org.eclipse.core.runtime.SafeRunner.run(SafeRunner.java:45)
	at org.eclipse.jdt.internal.ui.text.correction.JavaCorrectionProcessor$SafeCorrectionProcessorAccess.process(JavaCorrectionProcessor.java:336)
	at org.eclipse.jdt.internal.ui.text.correction.JavaCorrectionProcessor.collectCorrections(JavaCorrectionProcessor.java:465)
	at org.eclipse.jdt.internal.ui.text.java.hover.ProblemHover$ProblemInfo.getJavaAnnotationFixes(ProblemHover.java:115)
	at org.eclipse.jdt.internal.ui.text.java.hover.ProblemHover$ProblemInfo.computeCompletionProposals(ProblemHover.java:89)
	at org.eclipse.jdt.internal.ui.text.java.hover.ProblemHover$ProblemInfo.<init>(ProblemHover.java:74)
	at org.eclipse.jdt.internal.ui.text.java.hover.ProblemHover.createAnnotationInfo(ProblemHover.java:178)
	at org.eclipse.jdt.internal.ui.text.java.hover.AbstractAnnotationHover.getHoverInfo2(AbstractAnnotationHover.java:755)
	at org.eclipse.jdt.internal.ui.text.java.hover.BestMatchHover.getHoverInfo2(BestMatchHover.java:163)
	at org.eclipse.jdt.internal.ui.text.java.hover.BestMatchHover.getHoverInfo2(BestMatchHover.java:130)
	at org.eclipse.jdt.internal.ui.text.java.hover.JavaEditorTextHoverProxy.getHoverInfo2(JavaEditorTextHoverProxy.java:89)
	at org.eclipse.jface.text.TextViewerHoverManager$1.run(TextViewerHoverManager.java:155)
!SESSION 2023-05-27 17:07:44.727 -----------------------------------------------
eclipse.buildId=4.27.0.20230309-1200
java.version=17.0.6
java.vendor=Oracle Corporation
BootLoader constants: OS=win32, ARCH=x86_64, WS=win32, NL=pt_BR
Framework arguments:  -product org.eclipse.epp.package.jee.product
Command-line arguments:  -os win32 -ws win32 -arch x86_64 -product org.eclipse.epp.package.jee.product

!ENTRY ch.qos.logback.classic 1 0 2023-05-27 17:07:45.958
!MESSAGE Activated before the state location was initialized. Retry after the state location is initialized.

!ENTRY ch.qos.logback.classic 1 0 2023-05-27 17:20:29.783
!MESSAGE Logback config file: D:\documents\PROGRAMAÇÃO!\CursodeJava\NelioAlves\JAVA\8.Topicos especiais em java.dat-hora\.metadata\.plugins\org.eclipse.m2e.logback\logback.2.1.100.20230106-1511.xml

!ENTRY org.eclipse.jface 2 0 2023-05-27 17:20:31.866
!MESSAGE Keybinding conflicts occurred.  They may interfere with normal accelerator operation.
!SUBENTRY 1 org.eclipse.jface 2 0 2023-05-27 17:20:31.866
!MESSAGE A conflict occurred for CTRL+SHIFT+T:
Binding(CTRL+SHIFT+T,
	ParameterizedCommand(Command(org.eclipse.jdt.ui.navigate.open.type,Open Type,
		Open a type in a Java editor,
		Category(org.eclipse.ui.category.navigate,Navigate,null,true),
		WorkbenchHandlerServiceHandler("org.eclipse.jdt.ui.navigate.open.type"),
		,,true),null),
	org.eclipse.ui.defaultAcceleratorConfiguration,
	org.eclipse.ui.contexts.window,,,system)
Binding(CTRL+SHIFT+T,
	ParameterizedCommand(Command(org.eclipse.lsp4e.symbolinworkspace,Go to Symbol in Workspace,
		,
		Category(org.eclipse.lsp4e.category,Language Servers,null,true),
		WorkbenchHandlerServiceHandler("org.eclipse.lsp4e.symbolinworkspace"),
		,,true),null),
	org.eclipse.ui.defaultAcceleratorConfiguration,
	org.eclipse.ui.contexts.window,,,system)
!SUBENTRY 1 org.eclipse.jface 2 0 2023-05-27 17:20:31.866
!MESSAGE A conflict occurred for ALT+SHIFT+R:
Binding(ALT+SHIFT+R,
	ParameterizedCommand(Command(org.eclipse.jdt.ui.edit.text.java.rename.element,Rename - Refactoring ,
		Rename the selected element,
		Category(org.eclipse.jdt.ui.category.refactoring,Refactor - Java,Java Refactoring Actions,true),
		WorkbenchHandlerServiceHandler("org.eclipse.jdt.ui.edit.text.java.rename.element"),
		,,true),null),
	org.eclipse.ui.defaultAcceleratorConfiguration,
	org.eclipse.ui.contexts.window,,,system)
Binding(ALT+SHIFT+R,
	ParameterizedCommand(Command(org.eclipse.ui.edit.rename,Rename,
		Rename the selected item,
		Category(org.eclipse.ui.category.file,File,null,true),
		WorkbenchHandlerServiceHandler("org.eclipse.ui.edit.rename"),
		,,true),null),
	org.eclipse.ui.defaultAcceleratorConfiguration,
	org.eclipse.ui.contexts.window,,,system)

!ENTRY org.eclipse.egit.ui 2 0 2023-05-27 17:20:35.664
!MESSAGE Warning: The environment variable HOME is not set. The following directory will be used to store the Git
user global configuration and to define the default location to store repositories: 'C:\Users\dougl'. If this is
not correct please set the HOME environment variable and restart Eclipse. Otherwise Git for Windows and
EGit might behave differently since they see different configuration options.
This warning can be switched off on the Team > Git > Confirmations and Warnings preference page.
